Determining if the pthread_create exist failed with the following output:
Change Dir: /home/ubuntu/tvtr_control/build/CMakeFiles/CMakeTmp

Run Build Command:"/usr/bin/make" "cmTC_146bf/fast"
/usr/bin/make -f CMakeFiles/cmTC_146bf.dir/build.make CMakeFiles/cmTC_146bf.dir/build
make[1]: Entering directory '/home/ubuntu/tvtr_control/build/CMakeFiles/CMakeTmp'
Building C object CMakeFiles/cmTC_146bf.dir/CheckSymbolExists.c.o
/usr/bin/cc    -o CMakeFiles/cmTC_146bf.dir/CheckSymbolExists.c.o   -c /home/ubuntu/tvtr_control/build/CMakeFiles/CMakeTmp/CheckSymbolExists.c
Linking C executable cmTC_146bf
/usr/bin/cmake -E cmake_link_script CMakeFiles/cmTC_146bf.dir/link.txt --verbose=1
/usr/bin/cc      -rdynamic CMakeFiles/cmTC_146bf.dir/CheckSymbolExists.c.o  -o cmTC_146bf 
CMakeFiles/cmTC_146bf.dir/CheckSymbolExists.c.o: In function `main':
CheckSymbolExists.c:(.text+0x14): undefined reference to `pthread_create'
CheckSymbolExists.c:(.text+0x18): undefined reference to `pthread_create'
collect2: error: ld returned 1 exit status
CMakeFiles/cmTC_146bf.dir/build.make:97: recipe for target 'cmTC_146bf' failed
make[1]: *** [cmTC_146bf] Error 1
make[1]: Leaving directory '/home/ubuntu/tvtr_control/build/CMakeFiles/CMakeTmp'
Makefile:126: recipe for target 'cmTC_146bf/fast' failed
make: *** [cmTC_146bf/fast] Error 2

File /home/ubuntu/tvtr_control/build/CMakeFiles/CMakeTmp/CheckSymbolExists.c:
/* */
#include <pthread.h>

int main(int argc, char** argv)
{
  (void)argv;
#ifndef pthread_create
  return ((int*)(&pthread_create))[argc];
#else
  (void)argc;
  return 0;
#endif
}

Determining if the function pthread_create exists in the pthreads failed with the following output:
Change Dir: /home/ubuntu/tvtr_control/build/CMakeFiles/CMakeTmp

Run Build Command:"/usr/bin/make" "cmTC_e1f4c/fast"
/usr/bin/make -f CMakeFiles/cmTC_e1f4c.dir/build.make CMakeFiles/cmTC_e1f4c.dir/build
make[1]: Entering directory '/home/ubuntu/tvtr_control/build/CMakeFiles/CMakeTmp'
Building C object CMakeFiles/cmTC_e1f4c.dir/CheckFunctionExists.c.o
/usr/bin/cc   -DCHECK_FUNCTION_EXISTS=pthread_create   -o CMakeFiles/cmTC_e1f4c.dir/CheckFunctionExists.c.o   -c /usr/share/cmake-3.10/Modules/CheckFunctionExists.c
Linking C executable cmTC_e1f4c
/usr/bin/cmake -E cmake_link_script CMakeFiles/cmTC_e1f4c.dir/link.txt --verbose=1
/usr/bin/cc  -DCHECK_FUNCTION_EXISTS=pthread_create    -rdynamic CMakeFiles/cmTC_e1f4c.dir/CheckFunctionExists.c.o  -o cmTC_e1f4c -lpthreads 
/usr/bin/ld: cannot find -lpthreads
collect2: error: ld returned 1 exit status
CMakeFiles/cmTC_e1f4c.dir/build.make:97: recipe for target 'cmTC_e1f4c' failed
make[1]: *** [cmTC_e1f4c] Error 1
make[1]: Leaving directory '/home/ubuntu/tvtr_control/build/CMakeFiles/CMakeTmp'
Makefile:126: recipe for target 'cmTC_e1f4c/fast' failed
make: *** [cmTC_e1f4c/fast] Error 2


